<?xml version="1.0" encoding="UTF-8"?>
<!-- Generated by org.testng.reporters.JUnitReportReporter -->
<testsuite hostname="hp" failures="0" tests="2" name="com.crm.comcast.contactTest.CreateContactTest" time="0.018" errors="0" timestamp="2025-05-20T17:11:18 IST" skipped="0">
  <testcase classname="com.crm.comcast.contactTest.CreateContactTest" name="createContactWithDateTest" time="0.009"/>
  <system-out/>
  <testcase classname="com.crm.comcast.contactTest.CreateContactTest" name="createContactTest" time="0.009"/>
  <system-out/>
</testsuite> <!-- com.crm.comcast.contactTest.CreateContactTest -->
