<?xml version="1.0" encoding="UTF-8"?>
<!-- Generated by org.testng.reporters.JUnitReportReporter -->
<testsuite hostname="hp" failures="0" tests="2" name="com.crm.comcast.orgtest.CreateOrgTest" time="0.009" errors="0" timestamp="2025-05-20T17:11:18 IST" skipped="0">
  <testcase classname="com.crm.comcast.orgtest.CreateOrgTest" name="createOrgTest" time="0.007"/>
  <system-out/>
  <testcase classname="com.crm.comcast.orgtest.CreateOrgTest" name="createContactWithIndustry" time="0.002"/>
  <system-out/>
</testsuite> <!-- com.crm.comcast.orgtest.CreateOrgTest -->
