<?xml version="1.0" encoding="UTF-8"?>
<!-- Generated by org.testng.reporters.JUnitReportReporter -->
<testsuite hostname="hp" failures="0" tests="1" name="practice.test.SampleReportTest" time="20.068" errors="0" timestamp="2025-05-26T12:58:36 IST" skipped="0">
  <testcase classname="practice.test.SampleReportTest" name="createContactTest" time="20.068"/>
  <system-out/>
</testsuite> <!-- practice.test.SampleReportTest -->
